[debug] [2024-12-27T04:29:07.006Z] ----------------------------------------------------------------------
[debug] [2024-12-27T04:29:07.011Z] Command:       C:\Program Files\nodejs\node.exe C:\Users\jayson\AppData\Roaming\npm\node_modules\firebase-tools\lib\bin\firebase.js init
[debug] [2024-12-27T04:29:07.012Z] CLI Version:   13.29.1
[debug] [2024-12-27T04:29:07.012Z] Platform:      win32
[debug] [2024-12-27T04:29:07.012Z] Node Version:  v22.11.0
[debug] [2024-12-27T04:29:07.013Z] Time:          Fri Dec 27 2024 12:29:07 GMT+0800 (Philippine Standard Time)
[debug] [2024-12-27T04:29:07.013Z] ----------------------------------------------------------------------
[debug] 
[debug] [2024-12-27T04:29:07.028Z] > command requires scopes: ["email","openid","https://www.googleapis.com/auth/cloudplatformprojects.readonly","https://www.googleapis.com/auth/firebase","https://www.googleapis.com/auth/cloud-platform"]
[debug] [2024-12-27T04:29:07.029Z] > authorizing via signed-in user (jamesdarrenonezapan@gmail.com)
[info] 
     ######## #### ########  ######## ########     ###     ######  ########
     ##        ##  ##     ## ##       ##     ##  ##   ##  ##       ##
     ######    ##  ########  ######   ########  #########  ######  ######
     ##        ##  ##    ##  ##       ##     ## ##     ##       ## ##
     ##       #### ##     ## ######## ########  ##     ##  ######  ########

You're about to initialize a Firebase project in this directory:

  C:\Users\jayson\Documents\Java\t\bored

[info] 
=== Project Setup
[info] 
[info] First, let's associate this project directory with a Firebase project.
[info] You can create multiple project aliases by running firebase use --add, 
[info] but for now we'll just set up a default project.
[info] 
[debug] [2024-12-27T04:29:24.225Z] Checked if tokens are valid: true, expires at: 1735277275974
[debug] [2024-12-27T04:29:24.226Z] Checked if tokens are valid: true, expires at: 1735277275974
[debug] [2024-12-27T04:29:24.229Z] >>> [apiv2][query] GET https://firebase.googleapis.com/v1beta1/projects pageSize=100
[debug] [2024-12-27T04:29:25.110Z] <<< [apiv2][status] GET https://firebase.googleapis.com/v1beta1/projects 200
[debug] [2024-12-27T04:29:25.110Z] <<< [apiv2][body] GET https://firebase.googleapis.com/v1beta1/projects [omitted]
[info] i  Using project bored-168f2 (bored) 
[info] 
=== Hosting Setup
[debug] [2024-12-27T04:29:27.023Z] Checked if tokens are valid: true, expires at: 1735277275974
[debug] [2024-12-27T04:29:27.023Z] Checked if tokens are valid: true, expires at: 1735277275974
[debug] [2024-12-27T04:29:27.023Z] >>> [apiv2][query] GET https://firebase.googleapis.com/v1beta1/projects/bored-168f2 [none]
[debug] [2024-12-27T04:29:27.275Z] <<< [apiv2][status] GET https://firebase.googleapis.com/v1beta1/projects/bored-168f2 200
[debug] [2024-12-27T04:29:27.276Z] <<< [apiv2][body] GET https://firebase.googleapis.com/v1beta1/projects/bored-168f2 {"projectId":"bored-168f2","projectNumber":"1065682846514","displayName":"bored","name":"projects/bored-168f2","resources":{"hostingSite":"bored-168f2","realtimeDatabaseInstance":"bored-168f2-default-rtdb"},"state":"ACTIVE","etag":"1_102553e7-4958-458f-8740-e0841d3c2fd6"}
[info] 
[info] Your public directory is the folder (relative to your project directory) that
[info] will contain Hosting assets to be uploaded with firebase deploy. If you
[info] have a build process for your assets, use your build's output directory.
[info] 
[debug] [2024-12-27T04:29:50.100Z] >>> [apiv2][query] GET https://www.gstatic.com/firebasejs/releases.json [none]
[debug] [2024-12-27T04:29:50.304Z] <<< [apiv2][status] GET https://www.gstatic.com/firebasejs/releases.json 200
[debug] [2024-12-27T04:29:50.304Z] <<< [apiv2][body] GET https://www.gstatic.com/firebasejs/releases.json {"current":{"version":"11.1.0","browserURL":"https://www.gstatic.com/firebasejs/11.1.0/firebase.js","packageURL":"https://www.gstatic.com/firebasejs/11.1.0/firebase.tgz"},"live":{"version":"11.1","browserURL":"https://www.gstatic.com/firebasejs/live/11.1/firebase.js","packageURL":"https://www.gstatic.com/firebasejs/live/11.1/firebase.tgz"},"components":{"analytics":"https://www.gstatic.com/firebasejs/11.1.0/firebase-analytics.js","app":"https://www.gstatic.com/firebasejs/11.1.0/firebase-app.js","app-check":"https://www.gstatic.com/firebasejs/11.1.0/firebase-app-check.js","auth":"https://www.gstatic.com/firebasejs/11.1.0/firebase-auth.js","auth/cordova":"https://www.gstatic.com/firebasejs/11.1.0/firebase-auth/cordova.js","auth/web-extension":"https://www.gstatic.com/firebasejs/11.1.0/firebase-auth/web-extension.js","functions":"https://www.gstatic.com/firebasejs/11.1.0/firebase-functions.js","firestore":"https://www.gstatic.com/firebasejs/11.1.0/firebase-firestore.js","firestore/lite":"https://www.gstatic.com/firebasejs/11.1.0/firebase-firestore/lite.js","installations":"https://www.gstatic.com/firebasejs/11.1.0/firebase-installations.js","storage":"https://www.gstatic.com/firebasejs/11.1.0/firebase-storage.js","performance":"https://www.gstatic.com/firebasejs/11.1.0/firebase-performance.js","remote-config":"https://www.gstatic.com/firebasejs/11.1.0/firebase-remote-config.js","messaging":"https://www.gstatic.com/firebasejs/11.1.0/firebase-messaging.js","messaging/sw":"https://www.gstatic.com/firebasejs/11.1.0/firebase-messaging/sw.js","database":"https://www.gstatic.com/firebasejs/11.1.0/firebase-database.js","vertexai":"https://www.gstatic.com/firebasejs/11.1.0/firebase-vertexai.js","data-connect":"https://www.gstatic.com/firebasejs/11.1.0/firebase-data-connect.js","firestore.memory":"https://www.gstatic.com/firebasejs/11.1.0/firebase-firestore.memory.js"}}
[info] +  Wrote (public)/index.html 
[info] 
[info] i  Didn't detect a .git folder. Assuming C:\Users\jayson\Documents\Java\t\bored is the project root. 
[info] i  Authorizing with GitHub to upload your service account to a GitHub repository's secrets store. 
[info] 
[info] Visit this URL on this device to log in:
[info] https://github.com/login/oauth/authorize?client_id=89cf50f02ac6aaed3484&state=888487126&redirect_uri=http%3A%2F%2Flocalhost%3A9005&scope=read%3Auser%20repo%20public_repo
[info] 
[info] Waiting for authentication...
